2011/ 9/30 10:23:09
Qnt: 1, Index: 152, Nome: 

2011/ 9/30 10:23:09
Qnt: 2, Index: 153, Nome: 

2011/ 9/30 10:23:09
Qnt: 3, Index: 154, Nome: 

2011/ 9/30 10:23:09
Qnt: 4, Index: 1326, Nome: 

2011/ 9/30 10:23:09
Qnt: 5, Index: 1104, Nome: Sellia

2011/ 9/30 10:23:09
Qnt: 1, Index: 1020, Nome: 

2011/ 9/30 10:23:09
Qnt: 2, Index: 1104, Nome: Sellia

2011/ 9/30 10:23:09
Qnt: 3, Index: 1097, Nome: Tong

2011/ 9/30 10:23:09
Qnt: 1, Index: 31, Nome: FlDungeon Gate

2011/ 9/30 10:23:09
Qnt: 1, Index: 1020, Nome: 

2011/ 9/30 10:23:09
Qnt: 1, Index: 223, Nome: Roocky

2011/ 9/30 10:23:09
Qnt: 2, Index: 213, Nome: Lui

2011/ 9/30 10:23:09
Qnt: 1, Index: 232, Nome: Unknown

2011/ 9/30 10:23:09
Qnt: 2, Index: 876, Nome: Mysterious Robed Girl

2011/ 9/30 10:23:09
Qnt: 3, Index: 232, Nome: Unknown

2011/ 9/30 10:23:09
Qnt: 4, Index: 715, Nome: Meteonyker

2011/ 9/30 10:23:10
Qnt: 1, Index: 42, Nome: Warp Machine

2011/ 9/30 10:23:10
Qnt: 2, Index: 691, Nome: Keakoon Worker

2011/ 9/30 10:23:10
Qnt: 3, Index: 33, Nome: Kimeradon Prison

2011/ 9/30 10:23:10
Qnt: 4, Index: 31, Nome: FlDungeon Gate

2011/ 9/30 10:23:10
Qnt: 5, Index: 45, Nome: Warp Board3

2011/ 9/30 10:23:10
Qnt: 6, Index: 45, Nome: Warp Board3

2011/ 9/30 10:23:10
Qnt: 7, Index: 691, Nome: Keakoon Worker

2011/ 9/30 10:23:10
Qnt: 8, Index: 44, Nome: Warp Board2

2011/ 9/30 10:23:10
Qnt: 9, Index: 44, Nome: Warp Board2

2011/ 9/30 10:23:10
Qnt: 10, Index: 201, Nome: Dwarpet

2011/ 9/30 10:23:10
Qnt: 1, Index: 31, Nome: FlDungeon Gate

2011/ 9/30 10:23:10
Qnt: 2, Index: 30, Nome: FlDungeon Lever

2011/ 9/30 10:23:10
Qnt: 3, Index: 30, Nome: FlDungeon Lever

2011/ 9/30 10:23:10
Qnt: 1, Index: 219, Nome: Bill

2011/ 9/30 10:23:10
Qnt: 1, Index: 1484, Nome: deep-meomaen

2011/ 9/30 10:23:10
Qnt: 2, Index: 220, Nome: Rhine

2011/ 9/30 10:23:10
Qnt: 1, Index: 219, Nome: Bill

2011/ 9/30 10:23:10
Qnt: 1, Index: 220, Nome: Rhine

2011/ 9/30 10:23:10
Qnt: 1, Index: 1455, Nome: oldeurut

2011/ 9/30 10:23:10
Qnt: 1, Index: 875, Nome: Mysterious Robed Boy

2011/ 9/30 10:23:10
Qnt: 2, Index: 875, Nome: Mysterious Robed Boy

2011/ 9/30 10:23:10
Qnt: 3, Index: 875, Nome: Mysterious Robed Boy

2011/ 9/30 10:23:10
Qnt: 4, Index: 875, Nome: Mysterious Robed Boy

2011/ 9/30 10:23:10
Qnt: 5, Index: 875, Nome: Mysterious Robed Boy

2011/ 9/30 10:23:10
Qnt: 6, Index: 875, Nome: Mysterious Robed Boy

2011/ 9/30 10:23:10
Qnt: 7, Index: 883, Nome: Mr. Flyff

2011/ 9/30 10:23:10
Qnt: 8, Index: 984, Nome: Ice Lady

2011/ 9/30 10:23:10
Qnt: 1, Index: 200, Nome: Infopeng

2011/ 9/30 10:23:10
Qnt: 2, Index: 200, Nome: Infopeng

2011/ 9/30 10:23:10
Qnt: 3, Index: 200, Nome: Infopeng

2011/ 9/30 10:23:10
Qnt: 4, Index: 200, Nome: Infopeng

2011/ 9/30 10:23:10
Qnt: 1, Index: 875, Nome: Mysterious Robed Boy

2011/ 9/30 10:23:10
Qnt: 2, Index: 875, Nome: Mysterious Robed Boy

2011/ 9/30 10:23:10
Qnt: 3, Index: 234, Nome: Guardian

2011/ 9/30 10:23:10
Qnt: 4, Index: 234, Nome: Guardian

2011/ 9/30 10:23:10
Qnt: 5, Index: 234, Nome: Guardian

2011/ 9/30 10:23:10
Qnt: 6, Index: 234, Nome: Guardian

2011/ 9/30 10:23:10
Qnt: 7, Index: 234, Nome: Guardian

2011/ 9/30 10:23:10
Qnt: 8, Index: 234, Nome: Guardian

2011/ 9/30 10:23:10
Qnt: 9, Index: 234, Nome: Guardian

2011/ 9/30 10:23:10
Qnt: 10, Index: 234, Nome: Guardian

2011/ 9/30 10:23:10
Qnt: 11, Index: 220, Nome: Rhine

2011/ 9/30 10:23:10
Qnt: 13, Index: 12, Nome: Female

2011/ 9/30 10:23:10
Qnt: 14, Index: 12, Nome: Female

2011/ 9/30 10:23:10
Qnt: 15, Index: 12, Nome: Female

2011/ 9/30 10:23:10
Qnt: 16, Index: 223, Nome: Roocky

2011/ 9/30 10:23:10
Qnt: 17, Index: 219, Nome: Bill

2011/ 9/30 10:23:10
Qnt: 19, Index: 200, Nome: Infopeng

2011/ 9/30 10:23:10
Qnt: 20, Index: 222, Nome: Phacham

2011/ 9/30 10:23:10
Qnt: 21, Index: 222, Nome: Phacham

2011/ 9/30 10:23:10
Qnt: 22, Index: 222, Nome: Phacham

2011/ 9/30 10:23:10
Qnt: 23, Index: 222, Nome: Phacham

2011/ 9/30 10:23:10
Qnt: 24, Index: 12, Nome: Female

2011/ 9/30 10:23:10
Qnt: 25, Index: 200, Nome: Infopeng

2011/ 9/30 10:23:10
Qnt: 26, Index: 875, Nome: Mysterious Robed Boy

2011/ 9/30 10:23:10
Qnt: 27, Index: 875, Nome: Mysterious Robed Boy

2011/ 9/30 10:23:10
Qnt: 28, Index: 875, Nome: Mysterious Robed Boy

2011/ 9/30 10:23:10
Qnt: 29, Index: 12, Nome: Female

2011/ 9/30 10:23:10
Qnt: 30, Index: 228, Nome: Almani

2011/ 9/30 10:23:10
Qnt: 31, Index: 873, Nome: Post Box

2011/ 9/30 10:23:10
Qnt: 32, Index: 212, Nome: Julia

2011/ 9/30 10:23:11
Qnt: 33, Index: 875, Nome: Mysterious Robed Boy

2011/ 9/30 10:23:11
Qnt: 34, Index: 875, Nome: Mysterious Robed Boy

2011/ 9/30 10:23:11
Qnt: 35, Index: 875, Nome: Mysterious Robed Boy

2011/ 9/30 10:23:11
Qnt: 36, Index: 212, Nome: Julia

2011/ 9/30 10:23:11
Qnt: 37, Index: 212, Nome: Julia

2011/ 9/30 10:23:11
Qnt: 38, Index: 875, Nome: Mysterious Robed Boy

2011/ 9/30 10:23:11
Qnt: 39, Index: 211, Nome: Boboku

2011/ 9/30 10:23:11
Qnt: 40, Index: 219, Nome: Bill

2011/ 9/30 10:23:11
Qnt: 41, Index: 233, Nome: Agent

2011/ 9/30 10:23:11
Qnt: 42, Index: 218, Nome: Martin

2011/ 9/30 10:23:11
Qnt: 43, Index: 215, Nome: Bulrox

2011/ 9/30 10:23:11
Qnt: 44, Index: 218, Nome: Martin

2011/ 9/30 10:23:11
Qnt: 45, Index: 226, Nome: Chitller

2011/ 9/30 10:23:11
Qnt: 46, Index: 226, Nome: Chitller

2011/ 9/30 10:23:11
Qnt: 47, Index: 214, Nome: Marche

2011/ 9/30 10:23:11
Qnt: 48, Index: 214, Nome: Marche

2011/ 9/30 10:23:11
Qnt: 49, Index: 218, Nome: Martin

2011/ 9/30 10:23:11
Qnt: 50, Index: 220, Nome: Rhine

2011/ 9/30 10:23:11
Qnt: 51, Index: 233, Nome: Agent

2011/ 9/30 10:23:11
Qnt: 52, Index: 232, Nome: Unknown

2011/ 9/30 10:23:11
Qnt: 53, Index: 226, Nome: Chitller

2011/ 9/30 10:23:11
Qnt: 54, Index: 219, Nome: Bill

2011/ 9/30 10:23:11
Qnt: 55, Index: 880, Nome: Pet Tamer

2011/ 9/30 10:23:11
Qnt: 56, Index: 879, Nome: Make-Up Artist

2011/ 9/30 10:23:11
Qnt: 57, Index: 878, Nome: Hair Designer

2011/ 9/30 10:23:11
Qnt: 58, Index: 223, Nome: Roocky

2011/ 9/30 10:23:11
Qnt: 59, Index: 910, Nome: Waforu

2011/ 9/30 10:23:11
Qnt: 60, Index: 913, Nome: Collins

2011/ 9/30 10:23:11
Qnt: 61, Index: 1028, Nome: Charlie

2011/ 9/30 10:23:11
Qnt: 62, Index: 200, Nome: Infopeng

2011/ 9/30 10:23:11
Qnt: 63, Index: 983, Nome: Lord Manager

2011/ 9/30 10:23:11
Qnt: 64, Index: 982, Nome: Knight 1

2011/ 9/30 10:23:11
Qnt: 65, Index: 981, Nome: Knight 2

2011/ 9/30 10:23:11
Qnt: 66, Index: 1022, Nome: [Guildwar Manager] Frankie

2011/ 9/30 10:23:11
Qnt: 67, Index: 1023, Nome: [Guildwar Manager] Donaris

2011/ 9/30 10:23:11
Qnt: 68, Index: 1027, Nome: Mayor

2011/ 9/30 10:23:11
Qnt: 70, Index: 1025, Nome: [1vs1Guildwar Manager] Annie

2011/ 9/30 10:23:11
Qnt: 71, Index: 875, Nome: Mysterious Robed Boy

2011/ 9/30 10:23:11
Qnt: 72, Index: 875, Nome: Mysterious Robed Boy

2011/ 9/30 10:23:11
Qnt: 73, Index: 876, Nome: Mysterious Robed Girl

2011/ 9/30 10:23:11
Qnt: 74, Index: 1025, Nome: [1vs1Guildwar Manager] Annie

2011/ 9/30 10:23:11
Qnt: 75, Index: 1024, Nome: [1vs1Guildwar Manager] Amos

2011/ 9/30 10:23:11
Qnt: 76, Index: 228, Nome: Almani

2011/ 9/30 10:23:11
Qnt: 77, Index: 210, Nome: Losha

2011/ 9/30 10:23:11
Qnt: 78, Index: 227, Nome: Bolpor

2011/ 9/30 10:23:11
Qnt: 79, Index: 216, Nome: Tina

2011/ 9/30 10:23:12
Qnt: 80, Index: 231, Nome: Remine

2011/ 9/30 10:23:12
Qnt: 81, Index: 227, Nome: Bolpor

2011/ 9/30 10:23:12
Qnt: 82, Index: 225, Nome: Haven

2011/ 9/30 10:23:12
Qnt: 83, Index: 223, Nome: Roocky

2011/ 9/30 10:23:12
Qnt: 84, Index: 235, Nome: Ancimys

2011/ 9/30 10:23:12
Qnt: 85, Index: 229, Nome: Achaben

2011/ 9/30 10:23:12
Qnt: 86, Index: 233, Nome: Agent

2011/ 9/30 10:23:12
Qnt: 87, Index: 226, Nome: Chitller

2011/ 9/30 10:23:12
Qnt: 88, Index: 12, Nome: Female

2011/ 9/30 10:23:12
Qnt: 89, Index: 12, Nome: Female

2011/ 9/30 10:23:12
Qnt: 90, Index: 232, Nome: Unknown

2011/ 9/30 10:23:12
Qnt: 91, Index: 201, Nome: Dwarpet

2011/ 9/30 10:23:12
Qnt: 92, Index: 221, Nome: Stima

2011/ 9/30 10:23:12
Qnt: 93, Index: 222, Nome: Phacham

2011/ 9/30 10:23:12
Qnt: 94, Index: 235, Nome: Ancimys

2011/ 9/30 10:23:12
Qnt: 95, Index: 215, Nome: Bulrox

2011/ 9/30 10:23:12
Qnt: 96, Index: 213, Nome: Lui

2011/ 9/30 10:23:12
Qnt: 97, Index: 880, Nome: Pet Tamer

2011/ 9/30 10:23:12
Qnt: 98, Index: 200, Nome: Infopeng

2011/ 9/30 10:23:12
Qnt: 99, Index: 228, Nome: Almani

2011/ 9/30 10:23:12
Qnt: 101, Index: 235, Nome: Ancimys

2011/ 9/30 10:23:12
Qnt: 102, Index: 201, Nome: Dwarpet

2011/ 9/30 10:23:12
Qnt: 103, Index: 201, Nome: Dwarpet

2011/ 9/30 10:23:12
Qnt: 104, Index: 201, Nome: Dwarpet

2011/ 9/30 10:23:12
Qnt: 105, Index: 201, Nome: Dwarpet

2011/ 9/30 10:23:12
Qnt: 106, Index: 235, Nome: Ancimys

2011/ 9/30 10:23:12
Qnt: 107, Index: 233, Nome: Agent

2011/ 9/30 10:23:12
Qnt: 108, Index: 220, Nome: Rhine

2011/ 9/30 10:23:12
Qnt: 109, Index: 232, Nome: Unknown

2011/ 9/30 10:23:12
Qnt: 110, Index: 220, Nome: Rhine

2011/ 9/30 10:23:12
Qnt: 112, Index: 200, Nome: Infopeng

2011/ 9/30 10:23:12
Qnt: 113, Index: 232, Nome: Unknown

2011/ 9/30 10:23:12
Qnt: 114, Index: 212, Nome: Julia

2011/ 9/30 10:23:12
Qnt: 115, Index: 212, Nome: Julia

2011/ 9/30 10:23:12
Qnt: 116, Index: 217, Nome: Karin

2011/ 9/30 10:23:12
Qnt: 117, Index: 212, Nome: Julia

2011/ 9/30 10:23:12
Qnt: 118, Index: 212, Nome: Julia

2011/ 9/30 10:23:12
Qnt: 119, Index: 875, Nome: Mysterious Robed Boy

2011/ 9/30 10:23:12
Qnt: 120, Index: 875, Nome: Mysterious Robed Boy

2011/ 9/30 10:23:12
Qnt: 121, Index: 212, Nome: Julia

2011/ 9/30 10:23:12
Qnt: 122, Index: 212, Nome: Julia

2011/ 9/30 10:23:12
Qnt: 123, Index: 216, Nome: Tina

2011/ 9/30 10:23:12
Qnt: 124, Index: 218, Nome: Martin

2011/ 9/30 10:23:12
Qnt: 125, Index: 219, Nome: Bill

2011/ 9/30 10:23:12
Qnt: 126, Index: 222, Nome: Phacham

2011/ 9/30 10:23:12
Qnt: 127, Index: 201, Nome: Dwarpet

2011/ 9/30 10:23:12
Qnt: 128, Index: 220, Nome: Rhine

2011/ 9/30 10:23:12
Qnt: 129, Index: 225, Nome: Haven

2011/ 9/30 10:23:12
Qnt: 130, Index: 230, Nome: Eshylop

2011/ 9/30 10:23:12
Qnt: 131, Index: 219, Nome: Bill

2011/ 9/30 10:23:12
Qnt: 132, Index: 233, Nome: Agent

2011/ 9/30 10:23:12
Qnt: 133, Index: 875, Nome: Mysterious Robed Boy

2011/ 9/30 10:23:12
Qnt: 134, Index: 233, Nome: Agent

2011/ 9/30 10:23:12
Qnt: 135, Index: 225, Nome: Haven

2011/ 9/30 10:23:12
Qnt: 136, Index: 214, Nome: Marche

2011/ 9/30 10:23:12
Qnt: 137, Index: 223, Nome: Roocky

2011/ 9/30 10:23:12
Qnt: 138, Index: 691, Nome: Keakoon Worker

2011/ 9/30 10:23:12
Qnt: 139, Index: 225, Nome: Haven

2011/ 9/30 10:23:12
Qnt: 140, Index: 213, Nome: Lui

2011/ 9/30 10:23:12
Qnt: 141, Index: 221, Nome: Stima

2011/ 9/30 10:23:12
Qnt: 142, Index: 880, Nome: Pet Tamer

2011/ 9/30 10:23:12
Qnt: 143, Index: 913, Nome: Collins

2011/ 9/30 10:23:12
Qnt: 144, Index: 1026, Nome: [Arena Manager] Ray

2011/ 9/30 10:23:12
Qnt: 145, Index: 200, Nome: Infopeng

2011/ 9/30 10:23:12
Qnt: 146, Index: 1027, Nome: Mayor

2011/ 9/30 10:23:12
Qnt: 147, Index: 984, Nome: Ice Lady

2011/ 9/30 10:23:12
Qnt: 149, Index: 875, Nome: Mysterious Robed Boy

2011/ 9/30 10:23:12
Qnt: 150, Index: 875, Nome: Mysterious Robed Boy

2011/ 9/30 10:23:12
Qnt: 151, Index: 875, Nome: Mysterious Robed Boy

2011/ 9/30 10:23:12
Qnt: 152, Index: 12, Nome: Female

2011/ 9/30 10:23:12
Qnt: 153, Index: 12, Nome: Female

2011/ 9/30 10:23:12
Qnt: 154, Index: 875, Nome: Mysterious Robed Boy

2011/ 9/30 10:23:12
Qnt: 155, Index: 224, Nome: Ollien

2011/ 9/30 10:23:12
Qnt: 156, Index: 228, Nome: Almani

2011/ 9/30 10:23:12
Qnt: 157, Index: 229, Nome: Achaben

2011/ 9/30 10:23:12
Qnt: 158, Index: 225, Nome: Haven

2011/ 9/30 10:23:12
Qnt: 159, Index: 233, Nome: Agent

2011/ 9/30 10:23:12
Qnt: 160, Index: 875, Nome: Mysterious Robed Boy

2011/ 9/30 10:23:12
Qnt: 161, Index: 226, Nome: Chitller

2011/ 9/30 10:23:12
Qnt: 162, Index: 214, Nome: Marche

2011/ 9/30 10:23:12
Qnt: 163, Index: 218, Nome: Martin

2011/ 9/30 10:23:12
Qnt: 164, Index: 201, Nome: Dwarpet

2011/ 9/30 10:23:12
Qnt: 165, Index: 213, Nome: Lui

2011/ 9/30 10:23:12
Qnt: 166, Index: 12, Nome: Female

2011/ 9/30 10:23:12
Qnt: 167, Index: 12, Nome: Female

2011/ 9/30 10:23:12
Qnt: 168, Index: 12, Nome: Female

2011/ 9/30 10:23:12
Qnt: 169, Index: 12, Nome: Female

2011/ 9/30 10:23:12
Qnt: 170, Index: 12, Nome: Female

2011/ 9/30 10:23:12
Qnt: 171, Index: 12, Nome: Female

2011/ 9/30 10:23:12
Qnt: 172, Index: 12, Nome: Female

2011/ 9/30 10:23:12
Qnt: 173, Index: 12, Nome: Female

2011/ 9/30 10:23:12
Qnt: 174, Index: 1027, Nome: Mayor

2011/ 9/30 10:23:12
Qnt: 175, Index: 875, Nome: Mysterious Robed Boy

2011/ 9/30 10:23:12
Qnt: 176, Index: 880, Nome: Pet Tamer

2011/ 9/30 10:23:12
Qnt: 177, Index: 1026, Nome: [Arena Manager] Ray

2011/ 9/30 10:23:12
Qnt: 178, Index: 981, Nome: Knight 2

2011/ 9/30 10:23:12
Qnt: 179, Index: 200, Nome: Infopeng

2011/ 9/30 10:23:12
Qnt: 180, Index: 992, Nome: Rainbow Race Officer

2011/ 9/30 10:23:12
Qnt: 181, Index: 984, Nome: Ice Lady

2011/ 9/30 10:23:12
Qnt: 183, Index: 1105, Nome: Inisis

2011/ 9/30 10:23:12
Qnt: 184, Index: 231, Nome: Remine

2011/ 9/30 10:23:12
Qnt: 185, Index: 875, Nome: Mysterious Robed Boy

2011/ 9/30 10:23:12
Qnt: 186, Index: 875, Nome: Mysterious Robed Boy

2011/ 9/30 10:23:12
Qnt: 187, Index: 875, Nome: Mysterious Robed Boy

2011/ 9/30 10:23:12
Qnt: 188, Index: 220, Nome: Rhine

2011/ 9/30 10:23:12
Qnt: 190, Index: 219, Nome: Bill

2011/ 9/30 10:23:12
Qnt: 191, Index: 237, Nome: Priest

2011/ 9/30 10:23:12
Qnt: 192, Index: 218, Nome: Martin

2011/ 9/30 10:23:12
Qnt: 193, Index: 218, Nome: Martin

2011/ 9/30 10:23:12
Qnt: 194, Index: 218, Nome: Martin

2011/ 9/30 10:23:12
Qnt: 195, Index: 218, Nome: Martin

2011/ 9/30 10:23:12
Qnt: 196, Index: 218, Nome: Martin

2011/ 9/30 10:23:12
Qnt: 197, Index: 218, Nome: Martin

2011/ 9/30 10:23:12
Qnt: 198, Index: 218, Nome: Martin

2011/ 9/30 10:23:12
Qnt: 199, Index: 222, Nome: Phacham

2011/ 9/30 10:23:12
Qnt: 200, Index: 218, Nome: Martin

2011/ 9/30 10:23:12
Qnt: 201, Index: 218, Nome: Martin

2011/ 9/30 10:23:12
Qnt: 202, Index: 913, Nome: Collins

2011/ 9/30 10:23:12
Qnt: 203, Index: 1090, Nome: [Adventure Assitant] Jano

2011/ 9/30 10:23:12
Qnt: 204, Index: 1091, Nome: [Adventure Captain] Bespoo

2011/ 9/30 10:23:12
Qnt: 205, Index: 1092, Nome: Luka

2011/ 9/30 10:23:12
Qnt: 206, Index: 1093, Nome: Lasa

2011/ 9/30 10:23:12
Qnt: 207, Index: 1094, Nome: Ryan

2011/ 9/30 10:23:12
Qnt: 208, Index: 200, Nome: Infopeng

2011/ 9/30 10:23:12
Qnt: 209, Index: 875, Nome: Mysterious Robed Boy

2011/ 9/30 10:23:12
Qnt: 210, Index: 875, Nome: Mysterious Robed Boy

2011/ 9/30 10:23:12
Qnt: 211, Index: 875, Nome: Mysterious Robed Boy

2011/ 9/30 10:23:12
Qnt: 212, Index: 875, Nome: Mysterious Robed Boy

2011/ 9/30 10:23:12
Qnt: 213, Index: 223, Nome: Roocky

2011/ 9/30 10:23:12
Qnt: 214, Index: 875, Nome: Mysterious Robed Boy

2011/ 9/30 10:23:12
Qnt: 215, Index: 200, Nome: Infopeng

2011/ 9/30 10:23:12
Qnt: 216, Index: 875, Nome: Mysterious Robed Boy

2011/ 9/30 10:23:12
Qnt: 217, Index: 201, Nome: Dwarpet

2011/ 9/30 10:23:12
Qnt: 218, Index: 42, Nome: Warp Machine

2011/ 9/30 10:23:12
Qnt: 1, Index: 875, Nome: Mysterious Robed Boy

2011/ 9/30 10:23:12
Qnt: 2, Index: 875, Nome: Mysterious Robed Boy

2011/ 9/30 10:23:12
Qnt: 3, Index: 875, Nome: Mysterious Robed Boy

2011/ 9/30 10:23:12
Qnt: 4, Index: 875, Nome: Mysterious Robed Boy

2011/ 9/30 10:23:12
Qnt: 5, Index: 875, Nome: Mysterious Robed Boy

2011/ 9/30 10:23:12
Qnt: 6, Index: 875, Nome: Mysterious Robed Boy

2011/ 9/30 10:23:12
Qnt: 7, Index: 883, Nome: Mr. Flyff

2011/ 9/30 10:23:12
Qnt: 8, Index: 984, Nome: Ice Lady

